# JRE version: Java(TM) SE Runtime Environment (8.0_151-b12) (build 1.8.0_151-b12)
# Java VM: Java HotSpot(TM) Client VM (25.151-b12 mixed mode, sharing windows-x86 )
Heap:
 def new generation   total 6592K, used 4501K [0x03c00000, 0x04320000, 0x09150000)
  eden space 5888K,  70% used [0x03c00000, 0x040074a8, 0x041c0000)
  from space 704K,  53% used [0x04270000, 0x042ce1d0, 0x04320000)
  to   space 704K,   0% used [0x041c0000, 0x041c0000, 0x04270000)
 tenured generation   total 14476K, used 8684K [0x09150000, 0x09f73000, 0x13c00000)
   the space 14476K,  59% used [0x09150000, 0x099cb388, 0x099cb400, 0x09f73000)
 Metaspace       used 10537K, capacity 11871K, committed 11904K, reserved 12672K
GC Heap History (10 events):
Event: 5.197 GC heap before
{Heap before GC invocations=32 (full 0):
 def new generation   total 4928K, used 4928K [0x03c00000, 0x04150000, 0x09150000)
  eden space 4416K, 100% used [0x03c00000, 0x04050000, 0x04050000)
  from space 512K, 100% used [0x04050000, 0x040d0000, 0x040d0000)
  to   space 512K,   0% used [0x040d0000, 0x040d0000, 0x04150000)
 tenured generation   total 10944K, used 9475K [0x09150000, 0x09c00000, 0x13c00000)
   the space 10944K,  86% used [0x09150000, 0x09a90f50, 0x09a91000, 0x09c00000)
 Metaspace       used 9771K, capacity 10501K, committed 10624K, reserved 10624K
Event: 5.202 GC heap after
Heap after GC invocations=33 (full 0):
 def new generation   total 4928K, used 512K [0x03c00000, 0x04150000, 0x09150000)
  eden space 4416K,   0% used [0x03c00000, 0x03c00000, 0x04050000)
  from space 512K, 100% used [0x040d0000, 0x04150000, 0x04150000)
  to   space 512K,   0% used [0x04050000, 0x04050000, 0x040d0000)
 tenured generation   total 10944K, used 10531K [0x09150000, 0x09c00000, 0x13c00000)
   the space 10944K,  96% used [0x09150000, 0x09b98e30, 0x09b99000, 0x09c00000)
 Metaspace       used 9771K, capacity 10501K, committed 10624K, reserved 10624K
}
Event: 5.418 GC heap before
{Heap before GC invocations=33 (full 0):
 def new generation   total 4928K, used 4928K [0x03c00000, 0x04150000, 0x09150000)
  eden space 4416K, 100% used [0x03c00000, 0x04050000, 0x04050000)
  from space 512K, 100% used [0x040d0000, 0x04150000, 0x04150000)
  to   space 512K,   0% used [0x04050000, 0x04050000, 0x040d0000)
 tenured generation   total 10944K, used 10531K [0x09150000, 0x09c00000, 0x13c00000)
   the space 10944K,  96% used [0x09150000, 0x09b98e30, 0x09b99000, 0x09c00000)
 Metaspace       used 10078K, capacity 10837K, committed 10880K, reserved 11648K
Event: 5.421 GC heap after
Heap after GC invocations=34 (full 0):
 def new generation   total 4928K, used 511K [0x03c00000, 0x04150000, 0x09150000)
  eden space 4416K,   0% used [0x03c00000, 0x03c00000, 0x04050000)
  from space 512K,  99% used [0x04050000, 0x040cff80, 0x040d0000)
  to   space 512K,   0% used [0x040d0000, 0x040d0000, 0x04150000)
 tenured generation   total 10944K, used 10681K [0x09150000, 0x09c00000, 0x13c00000)
   the space 10944K,  97% used [0x09150000, 0x09bbe6a0, 0x09bbe800, 0x09c00000)
 Metaspace       used 10078K, capacity 10837K, committed 10880K, reserved 11648K
}
Event: 5.618 GC heap before
{Heap before GC invocations=34 (full 0):
 def new generation   total 4928K, used 4927K [0x03c00000, 0x04150000, 0x09150000)
  eden space 4416K, 100% used [0x03c00000, 0x04050000, 0x04050000)
  from space 512K,  99% used [0x04050000, 0x040cff80, 0x040d0000)
  to   space 512K,   0% used [0x040d0000, 0x040d0000, 0x04150000)
 tenured generation   total 10944K, used 10681K [0x09150000, 0x09c00000, 0x13c00000)
   the space 10944K,  97% used [0x09150000, 0x09bbe6a0, 0x09bbe800, 0x09c00000)
 Metaspace       used 10312K, capacity 11357K, committed 11392K, reserved 11648K
Event: 5.621 GC heap after
Heap after GC invocations=35 (full 0):
 def new generation   total 4928K, used 347K [0x03c00000, 0x04150000, 0x09150000)
  eden space 4416K,   0% used [0x03c00000, 0x03c00000, 0x04050000)
  from space 512K,  67% used [0x040d0000, 0x04126e68, 0x04150000)
  to   space 512K,   0% used [0x04050000, 0x04050000, 0x040d0000)
 tenured generation   total 10944K, used 10838K [0x09150000, 0x09c00000, 0x13c00000)
   the space 10944K,  99% used [0x09150000, 0x09be5a28, 0x09be5c00, 0x09c00000)
 Metaspace       used 10312K, capacity 11357K, committed 11392K, reserved 11648K
}
Event: 5.776 GC heap before
{Heap before GC invocations=35 (full 0):
 def new generation   total 4928K, used 4763K [0x03c00000, 0x04150000, 0x09150000)
  eden space 4416K, 100% used [0x03c00000, 0x04050000, 0x04050000)
  from space 512K,  67% used [0x040d0000, 0x04126e68, 0x04150000)
  to   space 512K,   0% used [0x04050000, 0x04050000, 0x040d0000)
 tenured generation   total 10944K, used 10838K [0x09150000, 0x09c00000, 0x13c00000)
   the space 10944K,  99% used [0x09150000, 0x09be5a28, 0x09be5c00, 0x09c00000)
 Metaspace       used 10447K, capacity 11635K, committed 11648K, reserved 11648K
Event: 5.806 GC heap after
Heap after GC invocations=36 (full 1):
 def new generation   total 6592K, used 0K [0x03c00000, 0x04320000, 0x09150000)
  eden space 5888K,   0% used [0x03c00000, 0x03c00000, 0x041c0000)
  from space 704K,   0% used [0x041c0000, 0x041c0000, 0x04270000)
  to   space 704K,   0% used [0x04270000, 0x04270000, 0x04320000)
 tenured generation   total 14476K, used 8684K [0x09150000, 0x09f73000, 0x13c00000)
   the space 14476K,  59% used [0x09150000, 0x099cb388, 0x099cb400, 0x09f73000)
 Metaspace       used 10447K, capacity 11635K, committed 11648K, reserved 11648K
}
Event: 6.319 GC heap before
{Heap before GC invocations=36 (full 1):
 def new generation   total 6592K, used 5888K [0x03c00000, 0x04320000, 0x09150000)
  eden space 5888K, 100% used [0x03c00000, 0x041c0000, 0x041c0000)
  from space 704K,   0% used [0x041c0000, 0x041c0000, 0x04270000)
  to   space 704K,   0% used [0x04270000, 0x04270000, 0x04320000)
 tenured generation   total 14476K, used 8684K [0x09150000, 0x09f73000, 0x13c00000)
   the space 14476K,  59% used [0x09150000, 0x099cb388, 0x099cb400, 0x09f73000)
 Metaspace       used 10523K, capacity 11819K, committed 11904K, reserved 12672K
Event: 6.323 GC heap after
Heap after GC invocations=37 (full 1):
 def new generation   total 6592K, used 376K [0x03c00000, 0x04320000, 0x09150000)
  eden space 5888K,   0% used [0x03c00000, 0x03c00000, 0x041c0000)
  from space 704K,  53% used [0x04270000, 0x042ce1d0, 0x04320000)
  to   space 704K,   0% used [0x041c0000, 0x041c0000, 0x04270000)
 tenured generation   total 14476K, used 8684K [0x09150000, 0x09f73000, 0x13c00000)
   the space 14476K,  59% used [0x09150000, 0x099cb388, 0x099cb400, 0x09f73000)
 Metaspace       used 10523K, capacity 11819K, committed 11904K, reserved 12672K
}

