# JRE version: Java(TM) SE Runtime Environment (8.0_151-b12) (build 1.8.0_151-b12)
# Java VM: Java HotSpot(TM) Client VM (25.151-b12 mixed mode, sharing windows-x86 )
Heap:
 def new generation   total 18432K, used 11362K [0x03e00000, 0x05200000, 0x09350000)
  eden space 16384K,  59% used [0x03e00000, 0x04797188, 0x04e00000)
  from space 2048K,  75% used [0x05000000, 0x05181950, 0x05200000)
  to   space 2048K,   0% used [0x04e00000, 0x04e00000, 0x05000000)
 tenured generation   total 40888K, used 28605K [0x09350000, 0x0bb3e000, 0x13e00000)
   the space 40888K,  69% used [0x09350000, 0x0af3f4d0, 0x0af3f600, 0x0bb3e000)
 Metaspace       used 24131K, capacity 25590K, committed 25600K, reserved 25984K
GC Heap History (10 events):
Event: 14.793 GC heap before
{Heap before GC invocations=93 (full 8):
 def new generation   total 18432K, used 18431K [0x03e00000, 0x05200000, 0x09350000)
  eden space 16384K, 100% used [0x03e00000, 0x04e00000, 0x04e00000)
  from space 2048K,  99% used [0x04e00000, 0x04fffff8, 0x05000000)
  to   space 2048K,   0% used [0x05000000, 0x05000000, 0x05200000)
 tenured generation   total 40888K, used 23154K [0x09350000, 0x0bb3e000, 0x13e00000)
   the space 40888K,  56% used [0x09350000, 0x0a9ec810, 0x0a9eca00, 0x0bb3e000)
 Metaspace       used 19583K, capacity 19956K, committed 20096K, reserved 20864K
Event: 14.799 GC heap after
Heap after GC invocations=94 (full 8):
 def new generation   total 18432K, used 847K [0x03e00000, 0x05200000, 0x09350000)
  eden space 16384K,   0% used [0x03e00000, 0x03e00000, 0x04e00000)
  from space 2048K,  41% used [0x05000000, 0x050d3fd8, 0x05200000)
  to   space 2048K,   0% used [0x04e00000, 0x04e00000, 0x05000000)
 tenured generation   total 40888K, used 23785K [0x09350000, 0x0bb3e000, 0x13e00000)
   the space 40888K,  58% used [0x09350000, 0x0aa8a628, 0x0aa8a800, 0x0bb3e000)
 Metaspace       used 19583K, capacity 19956K, committed 20096K, reserved 20864K
}
Event: 15.164 GC heap before
{Heap before GC invocations=94 (full 8):
 def new generation   total 18432K, used 17231K [0x03e00000, 0x05200000, 0x09350000)
  eden space 16384K, 100% used [0x03e00000, 0x04e00000, 0x04e00000)
  from space 2048K,  41% used [0x05000000, 0x050d3fd8, 0x05200000)
  to   space 2048K,   0% used [0x04e00000, 0x04e00000, 0x05000000)
 tenured generation   total 40888K, used 23785K [0x09350000, 0x0bb3e000, 0x13e00000)
   the space 40888K,  58% used [0x09350000, 0x0aa8a628, 0x0aa8a800, 0x0bb3e000)
 Metaspace       used 19650K, capacity 20028K, committed 20224K, reserved 20864K
Event: 15.169 GC heap after
Heap after GC invocations=95 (full 8):
 def new generation   total 18432K, used 969K [0x03e00000, 0x05200000, 0x09350000)
  eden space 16384K,   0% used [0x03e00000, 0x03e00000, 0x04e00000)
  from space 2048K,  47% used [0x04e00000, 0x04ef25e0, 0x05000000)
  to   space 2048K,   0% used [0x05000000, 0x05000000, 0x05200000)
 tenured generation   total 40888K, used 23785K [0x09350000, 0x0bb3e000, 0x13e00000)
   the space 40888K,  58% used [0x09350000, 0x0aa8a628, 0x0aa8a800, 0x0bb3e000)
 Metaspace       used 19650K, capacity 20028K, committed 20224K, reserved 20864K
}
Event: 184.033 GC heap before
{Heap before GC invocations=95 (full 8):
 def new generation   total 18432K, used 17353K [0x03e00000, 0x05200000, 0x09350000)
  eden space 16384K, 100% used [0x03e00000, 0x04e00000, 0x04e00000)
  from space 2048K,  47% used [0x04e00000, 0x04ef25e0, 0x05000000)
  to   space 2048K,   0% used [0x05000000, 0x05000000, 0x05200000)
 tenured generation   total 40888K, used 23785K [0x09350000, 0x0bb3e000, 0x13e00000)
   the space 40888K,  58% used [0x09350000, 0x0aa8a628, 0x0aa8a800, 0x0bb3e000)
 Metaspace       used 20416K, capacity 20764K, committed 20992K, reserved 21888K
Event: 184.042 GC heap after
Heap after GC invocations=96 (full 8):
 def new generation   total 18432K, used 2048K [0x03e00000, 0x05200000, 0x09350000)
  eden space 16384K,   0% used [0x03e00000, 0x03e00000, 0x04e00000)
  from space 2048K, 100% used [0x05000000, 0x05200000, 0x05200000)
  to   space 2048K,   0% used [0x04e00000, 0x04e00000, 0x05000000)
 tenured generation   total 40888K, used 24279K [0x09350000, 0x0bb3e000, 0x13e00000)
   the space 40888K,  59% used [0x09350000, 0x0ab05c28, 0x0ab05e00, 0x0bb3e000)
 Metaspace       used 20416K, capacity 20764K, committed 20992K, reserved 21888K
}
Event: 184.980 GC heap before
{Heap before GC invocations=96 (full 8):
 def new generation   total 18432K, used 18432K [0x03e00000, 0x05200000, 0x09350000)
  eden space 16384K, 100% used [0x03e00000, 0x04e00000, 0x04e00000)
  from space 2048K, 100% used [0x05000000, 0x05200000, 0x05200000)
  to   space 2048K,   0% used [0x04e00000, 0x04e00000, 0x05000000)
 tenured generation   total 40888K, used 24279K [0x09350000, 0x0bb3e000, 0x13e00000)
   the space 40888K,  59% used [0x09350000, 0x0ab05c28, 0x0ab05e00, 0x0bb3e000)
 Metaspace       used 22877K, capacity 23742K, committed 23808K, reserved 23936K
Event: 184.992 GC heap after
Heap after GC invocations=97 (full 8):
 def new generation   total 18432K, used 2048K [0x03e00000, 0x05200000, 0x09350000)
  eden space 16384K,   0% used [0x03e00000, 0x03e00000, 0x04e00000)
  from space 2048K, 100% used [0x04e00000, 0x05000000, 0x05000000)
  to   space 2048K,   0% used [0x05000000, 0x05000000, 0x05200000)
 tenured generation   total 40888K, used 27477K [0x09350000, 0x0bb3e000, 0x13e00000)
   the space 40888K,  67% used [0x09350000, 0x0ae25460, 0x0ae25600, 0x0bb3e000)
 Metaspace       used 22877K, capacity 23742K, committed 23808K, reserved 23936K
}
Event: 185.756 GC heap before
{Heap before GC invocations=97 (full 8):
 def new generation   total 18432K, used 18432K [0x03e00000, 0x05200000, 0x09350000)
  eden space 16384K, 100% used [0x03e00000, 0x04e00000, 0x04e00000)
  from space 2048K, 100% used [0x04e00000, 0x05000000, 0x05000000)
  to   space 2048K,   0% used [0x05000000, 0x05000000, 0x05200000)
 tenured generation   total 40888K, used 27477K [0x09350000, 0x0bb3e000, 0x13e00000)
   the space 40888K,  67% used [0x09350000, 0x0ae25460, 0x0ae25600, 0x0bb3e000)
 Metaspace       used 24003K, capacity 25259K, committed 25344K, reserved 25984K
Event: 185.765 GC heap after
Heap after GC invocations=98 (full 8):
 def new generation   total 18432K, used 1542K [0x03e00000, 0x05200000, 0x09350000)
  eden space 16384K,   0% used [0x03e00000, 0x03e00000, 0x04e00000)
  from space 2048K,  75% used [0x05000000, 0x05181950, 0x05200000)
  to   space 2048K,   0% used [0x04e00000, 0x04e00000, 0x05000000)
 tenured generation   total 40888K, used 28605K [0x09350000, 0x0bb3e000, 0x13e00000)
   the space 40888K,  69% used [0x09350000, 0x0af3f4d0, 0x0af3f600, 0x0bb3e000)
 Metaspace       used 24003K, capacity 25259K, committed 25344K, reserved 25984K
}

