# JRE version: Java(TM) SE Runtime Environment (8.0_151-b12) (build 1.8.0_151-b12)
# Java VM: Java HotSpot(TM) Client VM (25.151-b12 mixed mode, sharing windows-x86 )
Heap:
 def new generation   total 6400K, used 2528K [0x03c00000, 0x042f0000, 0x09150000)
  eden space 5696K,  38% used [0x03c00000, 0x03e1d648, 0x04190000)
  from space 704K,  51% used [0x04240000, 0x0429ab28, 0x042f0000)
  to   space 704K,   0% used [0x04190000, 0x04190000, 0x04240000)
 tenured generation   total 14084K, used 8448K [0x09150000, 0x09f11000, 0x13c00000)
   the space 14084K,  59% used [0x09150000, 0x09990260, 0x09990400, 0x09f11000)
 Metaspace       used 10529K, capacity 11837K, committed 11904K, reserved 12672K
GC Heap History (10 events):
Event: 5.740 GC heap before
{Heap before GC invocations=32 (full 0):
 def new generation   total 4928K, used 4928K [0x03c00000, 0x04150000, 0x09150000)
  eden space 4416K, 100% used [0x03c00000, 0x04050000, 0x04050000)
  from space 512K, 100% used [0x04050000, 0x040d0000, 0x040d0000)
  to   space 512K,   0% used [0x040d0000, 0x040d0000, 0x04150000)
 tenured generation   total 10944K, used 9702K [0x09150000, 0x09c00000, 0x13c00000)
   the space 10944K,  88% used [0x09150000, 0x09ac9968, 0x09ac9a00, 0x09c00000)
 Metaspace       used 9801K, capacity 10501K, committed 10624K, reserved 10624K
Event: 5.745 GC heap after
Heap after GC invocations=33 (full 0):
 def new generation   total 4928K, used 512K [0x03c00000, 0x04150000, 0x09150000)
  eden space 4416K,   0% used [0x03c00000, 0x03c00000, 0x04050000)
  from space 512K, 100% used [0x040d0000, 0x04150000, 0x04150000)
  to   space 512K,   0% used [0x04050000, 0x04050000, 0x040d0000)
 tenured generation   total 10944K, used 10642K [0x09150000, 0x09c00000, 0x13c00000)
   the space 10944K,  97% used [0x09150000, 0x09bb4b58, 0x09bb4c00, 0x09c00000)
 Metaspace       used 9801K, capacity 10501K, committed 10624K, reserved 10624K
}
Event: 5.952 GC heap before
{Heap before GC invocations=33 (full 0):
 def new generation   total 4928K, used 4928K [0x03c00000, 0x04150000, 0x09150000)
  eden space 4416K, 100% used [0x03c00000, 0x04050000, 0x04050000)
  from space 512K, 100% used [0x040d0000, 0x04150000, 0x04150000)
  to   space 512K,   0% used [0x04050000, 0x04050000, 0x040d0000)
 tenured generation   total 10944K, used 10642K [0x09150000, 0x09c00000, 0x13c00000)
   the space 10944K,  97% used [0x09150000, 0x09bb4b58, 0x09bb4c00, 0x09c00000)
 Metaspace       used 10128K, capacity 10909K, committed 11008K, reserved 11648K
Event: 5.955 GC heap after
Heap after GC invocations=34 (full 0):
 def new generation   total 4928K, used 504K [0x03c00000, 0x04150000, 0x09150000)
  eden space 4416K,   0% used [0x03c00000, 0x03c00000, 0x04050000)
  from space 512K,  98% used [0x04050000, 0x040ce338, 0x040d0000)
  to   space 512K,   0% used [0x040d0000, 0x040d0000, 0x04150000)
 tenured generation   total 10944K, used 10697K [0x09150000, 0x09c00000, 0x13c00000)
   the space 10944K,  97% used [0x09150000, 0x09bc26d0, 0x09bc2800, 0x09c00000)
 Metaspace       used 10128K, capacity 10909K, committed 11008K, reserved 11648K
}
Event: 6.134 GC heap before
{Heap before GC invocations=34 (full 0):
 def new generation   total 4928K, used 4920K [0x03c00000, 0x04150000, 0x09150000)
  eden space 4416K, 100% used [0x03c00000, 0x04050000, 0x04050000)
  from space 512K,  98% used [0x04050000, 0x040ce338, 0x040d0000)
  to   space 512K,   0% used [0x040d0000, 0x040d0000, 0x04150000)
 tenured generation   total 10944K, used 10697K [0x09150000, 0x09c00000, 0x13c00000)
   the space 10944K,  97% used [0x09150000, 0x09bc26d0, 0x09bc2800, 0x09c00000)
 Metaspace       used 10334K, capacity 11393K, committed 11520K, reserved 11648K
Event: 6.138 GC heap after
Heap after GC invocations=35 (full 0):
 def new generation   total 4928K, used 322K [0x03c00000, 0x04150000, 0x09150000)
  eden space 4416K,   0% used [0x03c00000, 0x03c00000, 0x04050000)
  from space 512K,  62% used [0x040d0000, 0x04120900, 0x04150000)
  to   space 512K,   0% used [0x04050000, 0x04050000, 0x040d0000)
 tenured generation   total 10944K, used 10855K [0x09150000, 0x09c00000, 0x13c00000)
   the space 10944K,  99% used [0x09150000, 0x09be9c38, 0x09be9e00, 0x09c00000)
 Metaspace       used 10334K, capacity 11393K, committed 11520K, reserved 11648K
}
Event: 6.292 GC heap before
{Heap before GC invocations=35 (full 0):
 def new generation   total 4928K, used 4738K [0x03c00000, 0x04150000, 0x09150000)
  eden space 4416K, 100% used [0x03c00000, 0x04050000, 0x04050000)
  from space 512K,  62% used [0x040d0000, 0x04120900, 0x04150000)
  to   space 512K,   0% used [0x04050000, 0x04050000, 0x040d0000)
 tenured generation   total 10944K, used 10855K [0x09150000, 0x09c00000, 0x13c00000)
   the space 10944K,  99% used [0x09150000, 0x09be9c38, 0x09be9e00, 0x09c00000)
 Metaspace       used 10443K, capacity 11613K, committed 11648K, reserved 11648K
Event: 6.321 GC heap after
Heap after GC invocations=36 (full 1):
 def new generation   total 6400K, used 0K [0x03c00000, 0x042f0000, 0x09150000)
  eden space 5696K,   0% used [0x03c00000, 0x03c00000, 0x04190000)
  from space 704K,   0% used [0x04190000, 0x04190000, 0x04240000)
  to   space 704K,   0% used [0x04240000, 0x04240000, 0x042f0000)
 tenured generation   total 14084K, used 8448K [0x09150000, 0x09f11000, 0x13c00000)
   the space 14084K,  59% used [0x09150000, 0x09990260, 0x09990400, 0x09f11000)
 Metaspace       used 10443K, capacity 11613K, committed 11648K, reserved 11648K
}
Event: 6.530 GC heap before
{Heap before GC invocations=36 (full 1):
 def new generation   total 6400K, used 5696K [0x03c00000, 0x042f0000, 0x09150000)
  eden space 5696K, 100% used [0x03c00000, 0x04190000, 0x04190000)
  from space 704K,   0% used [0x04190000, 0x04190000, 0x04240000)
  to   space 704K,   0% used [0x04240000, 0x04240000, 0x042f0000)
 tenured generation   total 14084K, used 8448K [0x09150000, 0x09f11000, 0x13c00000)
   the space 14084K,  59% used [0x09150000, 0x09990260, 0x09990400, 0x09f11000)
 Metaspace       used 10519K, capacity 11791K, committed 11904K, reserved 12672K
Event: 6.534 GC heap after
Heap after GC invocations=37 (full 1):
 def new generation   total 6400K, used 362K [0x03c00000, 0x042f0000, 0x09150000)
  eden space 5696K,   0% used [0x03c00000, 0x03c00000, 0x04190000)
  from space 704K,  51% used [0x04240000, 0x0429ab28, 0x042f0000)
  to   space 704K,   0% used [0x04190000, 0x04190000, 0x04240000)
 tenured generation   total 14084K, used 8448K [0x09150000, 0x09f11000, 0x13c00000)
   the space 14084K,  59% used [0x09150000, 0x09990260, 0x09990400, 0x09f11000)
 Metaspace       used 10519K, capacity 11791K, committed 11904K, reserved 12672K
}

