# JRE version: Java(TM) SE Runtime Environment (8.0_151-b12) (build 1.8.0_151-b12)
# Java VM: Java HotSpot(TM) Client VM (25.151-b12 mixed mode, sharing windows-x86 )
Heap:
 def new generation   total 17728K, used 10399K [0x03e00000, 0x05130000, 0x09350000)
  eden space 15808K,  57% used [0x03e00000, 0x046d9568, 0x04d70000)
  from space 1920K,  69% used [0x04f50000, 0x0509e8b8, 0x05130000)
  to   space 1920K,   0% used [0x04d70000, 0x04d70000, 0x04f50000)
 tenured generation   total 39168K, used 28467K [0x09350000, 0x0b990000, 0x13e00000)
   the space 39168K,  72% used [0x09350000, 0x0af1cc60, 0x0af1ce00, 0x0b990000)
 Metaspace       used 24124K, capacity 25590K, committed 25600K, reserved 25984K
GC Heap History (10 events):
Event: 15.232 GC heap before
{Heap before GC invocations=92 (full 8):
 def new generation   total 17728K, used 17720K [0x03e00000, 0x05130000, 0x09350000)
  eden space 15808K, 100% used [0x03e00000, 0x04d70000, 0x04d70000)
  from space 1920K,  99% used [0x04d70000, 0x04f4e000, 0x04f50000)
  to   space 1920K,   0% used [0x04f50000, 0x04f50000, 0x05130000)
 tenured generation   total 39168K, used 22819K [0x09350000, 0x0b990000, 0x13e00000)
   the space 39168K,  58% used [0x09350000, 0x0a998db8, 0x0a998e00, 0x0b990000)
 Metaspace       used 19580K, capacity 19956K, committed 20096K, reserved 20864K
Event: 15.237 GC heap after
Heap after GC invocations=93 (full 8):
 def new generation   total 17728K, used 728K [0x03e00000, 0x05130000, 0x09350000)
  eden space 15808K,   0% used [0x03e00000, 0x03e00000, 0x04d70000)
  from space 1920K,  37% used [0x04f50000, 0x050063e8, 0x05130000)
  to   space 1920K,   0% used [0x04d70000, 0x04d70000, 0x04f50000)
 tenured generation   total 39168K, used 23197K [0x09350000, 0x0b990000, 0x13e00000)
   the space 39168K,  59% used [0x09350000, 0x0a9f76b0, 0x0a9f7800, 0x0b990000)
 Metaspace       used 19580K, capacity 19956K, committed 20096K, reserved 20864K
}
Event: 15.575 GC heap before
{Heap before GC invocations=93 (full 8):
 def new generation   total 17728K, used 16536K [0x03e00000, 0x05130000, 0x09350000)
  eden space 15808K, 100% used [0x03e00000, 0x04d70000, 0x04d70000)
  from space 1920K,  37% used [0x04f50000, 0x050063e8, 0x05130000)
  to   space 1920K,   0% used [0x04d70000, 0x04d70000, 0x04f50000)
 tenured generation   total 39168K, used 23197K [0x09350000, 0x0b990000, 0x13e00000)
   the space 39168K,  59% used [0x09350000, 0x0a9f76b0, 0x0a9f7800, 0x0b990000)
 Metaspace       used 19647K, capacity 20028K, committed 20224K, reserved 20864K
Event: 15.580 GC heap after
Heap after GC invocations=94 (full 8):
 def new generation   total 17728K, used 878K [0x03e00000, 0x05130000, 0x09350000)
  eden space 15808K,   0% used [0x03e00000, 0x03e00000, 0x04d70000)
  from space 1920K,  45% used [0x04d70000, 0x04e4b890, 0x04f50000)
  to   space 1920K,   0% used [0x04f50000, 0x04f50000, 0x05130000)
 tenured generation   total 39168K, used 23197K [0x09350000, 0x0b990000, 0x13e00000)
   the space 39168K,  59% used [0x09350000, 0x0a9f76b0, 0x0a9f7800, 0x0b990000)
 Metaspace       used 19647K, capacity 20028K, committed 20224K, reserved 20864K
}
Event: 31.657 GC heap before
{Heap before GC invocations=94 (full 8):
 def new generation   total 17728K, used 16686K [0x03e00000, 0x05130000, 0x09350000)
  eden space 15808K, 100% used [0x03e00000, 0x04d70000, 0x04d70000)
  from space 1920K,  45% used [0x04d70000, 0x04e4b890, 0x04f50000)
  to   space 1920K,   0% used [0x04f50000, 0x04f50000, 0x05130000)
 tenured generation   total 39168K, used 23197K [0x09350000, 0x0b990000, 0x13e00000)
   the space 39168K,  59% used [0x09350000, 0x0a9f76b0, 0x0a9f7800, 0x0b990000)
 Metaspace       used 20842K, capacity 21153K, committed 21376K, reserved 21888K
Event: 31.667 GC heap after
Heap after GC invocations=95 (full 8):
 def new generation   total 17728K, used 1920K [0x03e00000, 0x05130000, 0x09350000)
  eden space 15808K,   0% used [0x03e00000, 0x03e00000, 0x04d70000)
  from space 1920K, 100% used [0x04f50000, 0x05130000, 0x05130000)
  to   space 1920K,   0% used [0x04d70000, 0x04d70000, 0x04f50000)
 tenured generation   total 39168K, used 24084K [0x09350000, 0x0b990000, 0x13e00000)
   the space 39168K,  61% used [0x09350000, 0x0aad5248, 0x0aad5400, 0x0b990000)
 Metaspace       used 20842K, capacity 21153K, committed 21376K, reserved 21888K
}
Event: 32.596 GC heap before
{Heap before GC invocations=95 (full 8):
 def new generation   total 17728K, used 17728K [0x03e00000, 0x05130000, 0x09350000)
  eden space 15808K, 100% used [0x03e00000, 0x04d70000, 0x04d70000)
  from space 1920K, 100% used [0x04f50000, 0x05130000, 0x05130000)
  to   space 1920K,   0% used [0x04d70000, 0x04d70000, 0x04f50000)
 tenured generation   total 39168K, used 24084K [0x09350000, 0x0b990000, 0x13e00000)
   the space 39168K,  61% used [0x09350000, 0x0aad5248, 0x0aad5400, 0x0b990000)
 Metaspace       used 23005K, capacity 23870K, committed 23936K, reserved 23936K
Event: 32.608 GC heap after
Heap after GC invocations=96 (full 8):
 def new generation   total 17728K, used 1920K [0x03e00000, 0x05130000, 0x09350000)
  eden space 15808K,   0% used [0x03e00000, 0x03e00000, 0x04d70000)
  from space 1920K, 100% used [0x04d70000, 0x04f50000, 0x04f50000)
  to   space 1920K,   0% used [0x04f50000, 0x04f50000, 0x05130000)
 tenured generation   total 39168K, used 27411K [0x09350000, 0x0b990000, 0x13e00000)
   the space 39168K,  69% used [0x09350000, 0x0ae14c70, 0x0ae14e00, 0x0b990000)
 Metaspace       used 23005K, capacity 23870K, committed 23936K, reserved 23936K
}
Event: 33.378 GC heap before
{Heap before GC invocations=96 (full 8):
 def new generation   total 17728K, used 17728K [0x03e00000, 0x05130000, 0x09350000)
  eden space 15808K, 100% used [0x03e00000, 0x04d70000, 0x04d70000)
  from space 1920K, 100% used [0x04d70000, 0x04f50000, 0x04f50000)
  to   space 1920K,   0% used [0x04f50000, 0x04f50000, 0x05130000)
 tenured generation   total 39168K, used 27411K [0x09350000, 0x0b990000, 0x13e00000)
   the space 39168K,  69% used [0x09350000, 0x0ae14c70, 0x0ae14e00, 0x0b990000)
 Metaspace       used 24029K, capacity 25341K, committed 25344K, reserved 25984K
Event: 33.387 GC heap after
Heap after GC invocations=97 (full 8):
 def new generation   total 17728K, used 1338K [0x03e00000, 0x05130000, 0x09350000)
  eden space 15808K,   0% used [0x03e00000, 0x03e00000, 0x04d70000)
  from space 1920K,  69% used [0x04f50000, 0x0509e8b8, 0x05130000)
  to   space 1920K,   0% used [0x04d70000, 0x04d70000, 0x04f50000)
 tenured generation   total 39168K, used 28467K [0x09350000, 0x0b990000, 0x13e00000)
   the space 39168K,  72% used [0x09350000, 0x0af1cc60, 0x0af1ce00, 0x0b990000)
 Metaspace       used 24029K, capacity 25341K, committed 25344K, reserved 25984K
}

